<?xml version="1.0" encoding="UTF-8"?>
<!-- Generated by org.testng.reporters.JUnitXMLReporter -->
<testsuite ignored="0" hostname="DESKTOP-DA1AGDD" failures="0" tests="2" name="Command line test" time="0.156" errors="0" timestamp="2021-09-30T00:18:16 EDT">
  <testcase classname="com.tests.BaseTest" name="@BeforeMethod browserSetup" time="-1.632975496844E9">
    <failure type="org.testng.TestNGException" message="
Parameter &amp;apos;browserName&amp;apos; is required by BeforeMethod on method browserSetup but has not been marked @Optional or defined
">
      <![CDATA[org.testng.TestNGException: 
Parameter 'browserName' is required by BeforeMethod on method browserSetup but has not been marked @Optional or defined

at java.base/java.util.ArrayList.forEach(ArrayList.java:1511)
... Removed 38 stack frames]]>
    </failure>
  </testcase> <!-- @BeforeMethod browserSetup -->
  <testcase classname="com.tests.BaseTest" name="@AfterMethod testResult" time="-1.632975496847E9">
    <skipped/>
  </testcase> <!-- @AfterMethod testResult -->
  <testcase classname="com.tests.BaseTest" name="@BeforeMethod browserSetup" time="-1.632975496847E9">
    <skipped/>
  </testcase> <!-- @BeforeMethod browserSetup -->
  <testcase classname="com.tests.BaseTest" name="@AfterMethod testResult" time="-1.632975496847E9">
    <skipped/>
  </testcase> <!-- @AfterMethod testResult -->
  <testcase classname="com.tests.AllTest" name="dressesTest" time="0.0">
    <skipped/>
  </testcase> <!-- dressesTest -->
  <testcase classname="com.tests.AllTest" name="newPageTest" time="0.0">
    <skipped/>
  </testcase> <!-- newPageTest -->
</testsuite> <!-- Command line test -->
